✅ AI 학습 DB 초기화 완료
==================================================
🚀 주식 AI 에이전트 v4.0
==================================================
🚀 장세: 강세장
⚔️ 전략: 추세 추종 + 눌림목 매수 + 신고가 돌파
✅ 스케줄 등록 완료
  05:00 상한가 후보
  06:00 순환매 분석
  07:00 매크로 브리핑 + 실적 체크
  07:30 한국 단기 추천
  08:00 NXT 분석 + 헬스체크
  08:10 포트폴리오 진단 + 리스크 분석
  09:05 수급 + DART 공시
  13:00 수급 + DART 공시
  14:30 내일 선점 추천
  15:40 마감 분석 + 내일 추천
  19:50 NXT 마감 요약
  20:30 미국장 전 브리핑
  21:00 미국 프리마켓
  30분마다 장중스캔+포트폴리오+중장기+신고가
✅ 스케줄 등록
✅ 실시간 모니터 시작 (매 5분)
[08:01] 💤 장 마감 대기 중
🤖 봇 대기 중...
⚠️ 텔레그램 에러: Conflict: terminated by other getUpdates request; make sure that only one bot instance is running
⚠️ 텔레그램 에러: Conflict: terminated by other getUpdates request; make sure that only one bot instance is running
⚠️ 텔레그램 에러: Conflict: terminated by other getUpdates request; make sure that only one bot instance is running
⚠️ 텔레그램 에러: Conflict: terminated by other getUpdates request; make sure that only one bot instance is running
⚠️ 텔레그램 에러: Conflict: terminated by other getUpdates request; make sure that only one bot instance is running
⚠️ 텔레그램 에러: Conflict: terminated by other getUpdates request; make sure that only one bot instance is running
⚠️ 텔레그램 에러: Conflict: terminated by other getUpdates request; make sure that only one bot instance is running
⚠️ 텔레그램 에러: Conflict: terminated by other getUpdates request; make sure that only one bot instance is running
⚠️ 텔레그램 에러: Conflict: terminated by other getUpdates request; make sure that only one bot instance is running
⚠️ 텔레그램 에러: Conflict: terminated by other getUpdates request; make sure that only one bot instance is running
⚠️ 텔레그램 에러: Conflict: terminated by other getUpdates request; make sure that only one bot instance is running
⚠️ 텔레그램 에러: Conflict: terminated by other getUpdates request; make sure that only one bot instance is running
⚠️ 텔레그램 에러: Conflict: terminated by other getUpdates request; make sure that only one bot instance is running
⚠️ 텔레그램 에러: Conflict: terminated by other getUpdates request; make sure that only one bot instance is running
⚠️ 텔레그램 에러: Conflict: terminated by other getUpdates request; make sure that only one bot instance is running
[08:06] 💤 장 마감 대기 중
⚠️ 텔레그램 에러: Conflict: terminated by other getUpdates request; make sure that only one bot instance is running
⚠️ 텔레그램 에러: Conflict: terminated by other getUpdates request; make sure that only one bot instance is running
⚠️ 텔레그램 에러: Conflict: terminated by other getUpdates request; make sure that only one bot instance is running
